This is pdfTeX, Version 3.14159265-2.6-1.40.20 (MiKTeX 2.9.7050 64-bit) (preloaded format=pdflatex 2019.6.22)  17 MAR 2020 14:36
entering extended mode
**./Thimm_RB-F.tex
(Thimm_RB-F.tex
LaTeX2e <2018-12-01>
(C:\Users\Luka\AppData\Roaming\MiKTeX\2.9\tex/latex/revtex\revtex4-1.cls
Document Class: revtex4-1 2010/07/25/20:33:00 4.1r (http://publish.aps.org/revt
ex4/ for documentation)
 Copyright (c) 2009 The American Physical Society.
 mailto:revtex@aps.org
 Licensed under the LPPL:
http://www.ctan.org/tex-archive/macros/latex/base/lppl.txt
 Arthur Ogawa <arthur_ogawa at sbcglobal dot net>
 Based on work by David Carlisle <david at dcarlisle.demon.co.uk>.
ltxutil[2010/07/25/20:33:00 4.1r utilities package (portions licensed from W. E
. Baxter web at superscript.com)]
LaTeX Info: Redefining \@centercr on input line 308.
Class revtex4-1 Info: Repairing broken LaTeX eqnarray on input line 358.
\eqncolsep=\skip41
Class revtex4-1 Info: Repairing hyperref-unfriendly LaTeX definition of \mpfoot
note on input line 433.
Class revtex4-1 Info: Repairing broken LateX \@sect on input line 755.
\intertabularlinepenalty=\count80
\@tbpen=\count81
\@arstrutbox@hline=\box27
Class revtex4-1 Info: Repairing broken LaTeX \@xbitor on input line 1786.
Class revtex4-1 Info: Making \typeout \long on input line 2046.
ltxfront[2010/07/25/20:33:00 4.1r frontmatter package (AO,DPC)]
\c@affil=\count82
\c@collab=\count83
\absbox=\box28
ltxgrid[2010/07/25/20:33:00 4.1r page grid package (portions licensed from W. E
. Baxter web at superscript.com)]
\c@linecount=\count84
\output@latex=\toks14
\box@size@1=\box29
\box@size@2=\box30
\@protection@box=\box31
\@topmark@saved=\toks15
\footins@saved=\box32
\footins@recovered=\box33
\column@recovered=\box34
\pagesofar=\box35
\footsofar=\box36
\pagegrid@col=\count85
Class revtex4-1 Info: Overriding \@vspace, \@vspacer, \@no@pgbk, \@newline, and
 \\  on input line 5578.
\c@part=\count86
\c@section=\count87
\c@subsection=\count88
\c@subsubsection=\count89
\c@paragraph=\count90
\c@subparagraph=\count91
\abovecaptionskip=\skip42
\belowcaptionskip=\skip43
\c@figure=\count92
\fbox@1=\box37
\c@table=\count93
\fbox@2=\box38
\c@video=\count94
\fbox@4=\box39
\@bibdataout=\write3
\widetext@top=\box40
\widetext@bot=\box41

Class revtex4-1 Warning: No Society specified, using default society aps.

(C:\Users\Luka\AppData\Roaming\MiKTeX\2.9\tex/latex/revtex\aps4-1.rtx
File: aps4-1 2010/07/25/20:33:00 4.1r (http://publish.aps.org/revtex4/ for docu
mentation)
Class revtex4-1 Info: RevTeX society APS selected on input line 31.
)

Class revtex4-1 Warning: No journal specified, using default pra.

Class revtex4-1 Info: APS journal PRA selected on input line 7545.

Class revtex4-1 Warning: No type size specified, using default 10.

(C:\Users\Luka\AppData\Roaming\MiKTeX\2.9\tex/latex/revtex\aps10pt4-1.rtx
File: aps10pt4-1 2010/07/25/20:33:00 4.1r (http://publish.aps.org/revtex4/ for 
documentation)
Class revtex4-1 Info: RevTeX pointsize 10pt selected on input line 30.
)
(C:\Users\Luka\AppData\Roaming\MiKTeX\2.9\tex/latex/textcase\textcase.sty
Package: textcase 2019/09/14 v1.00 Text only upper/lower case changing (DPC)
)
(C:\Users\Luka\AppData\Roaming\MiKTeX\2.9\tex/latex/url\url.sty
\Urlmuskip=\muskip10
Package: url 2013/09/16  ver 3.4  Verb mode for urls, etc.
)
(C:\Users\Luka\AppData\Roaming\MiKTeX\2.9\tex/latex/natbib\natbib.sty
Package: natbib 2010/09/13 8.31b (PWD, AO)
\bibhang=\skip44
\bibsep=\skip45
LaTeX Info: Redefining \cite on input line 694.
\c@NAT@ctr=\count95
)
Class revtex4-1 Info: Repairing natbib's \BibitemShut on input line 7549.

(C:\Users\Luka\AppData\Roaming\MiKTeX\2.9\tex/latex/revtex\revsymb4-1.sty
Package: revsymb4-1 2010/07/25/20:33:00 4.1r (http://publish.aps.org/revtex4/ f
or documentation)
LaTeX Info: Redefining \REV@mathfrak on input line 119.
))
(D:\Apps\MikTeX\tex/latex/graphics\graphicx.sty
Package: graphicx 2017/06/01 v1.1a Enhanced LaTeX Graphics (DPC,SPQR)

(D:\Apps\MikTeX\tex/latex/graphics\keyval.sty
Package: keyval 2014/10/28 v1.15 key=value parser (DPC)
\KV@toks@=\toks16
)
(D:\Apps\MikTeX\tex/latex/graphics\graphics.sty
Package: graphics 2017/06/25 v1.2c Standard LaTeX Graphics (DPC,SPQR)

(D:\Apps\MikTeX\tex/latex/graphics\trig.sty
Package: trig 2016/01/03 v1.10 sin cos tan (DPC)
)
(D:\Apps\MikTeX\tex/latex/graphics-cfg\graphics.cfg
File: graphics.cfg 2016/06/04 v1.11 sample graphics configuration
)
Package graphics Info: Driver file: pdftex.def on input line 99.

(D:\Apps\MikTeX\tex/latex/graphics-def\pdftex.def
File: pdftex.def 2018/01/08 v1.0l Graphics/color driver for pdftex
))
\Gin@req@height=\dimen102
\Gin@req@width=\dimen103
)
(D:\Apps\MikTeX\tex/latex/amsmath\amsmath.sty
Package: amsmath 2018/12/01 v2.17b AMS math features
\@mathmargin=\skip46

For additional information on amsmath, use the `?' option.
(D:\Apps\MikTeX\tex/latex/amsmath\amstext.sty
Package: amstext 2000/06/29 v2.01 AMS text

(D:\Apps\MikTeX\tex/latex/amsmath\amsgen.sty
File: amsgen.sty 1999/11/30 v2.0 generic functions
\@emptytoks=\toks17
\ex@=\dimen104
)
LaTeX Info: Redefining \text on input line 28.
)
(D:\Apps\MikTeX\tex/latex/amsmath\amsbsy.sty
Package: amsbsy 1999/11/29 v1.2d Bold Symbols
\pmbraise@=\dimen105
)
(D:\Apps\MikTeX\tex/latex/amsmath\amsopn.sty
Package: amsopn 2016/03/08 v2.02 operator names
)
\inf@bad=\count96
LaTeX Info: Redefining \frac on input line 223.
\uproot@=\count97
\leftroot@=\count98
LaTeX Info: Redefining \overline on input line 385.
\classnum@=\count99
\DOTSCASE@=\count100
LaTeX Info: Redefining \ldots on input line 482.
LaTeX Info: Redefining \dots on input line 485.
LaTeX Info: Redefining \cdots on input line 606.
\Mathstrutbox@=\box42
\strutbox@=\box43
\big@size=\dimen106
LaTeX Font Info:    Redeclaring font encoding OML on input line 729.
LaTeX Font Info:    Redeclaring font encoding OMS on input line 730.
\macc@depth=\count101
\c@MaxMatrixCols=\count102
\dotsspace@=\muskip11
\c@parentequation=\count103
\dspbrk@lvl=\count104
\tag@help=\toks18
\row@=\count105
\column@=\count106
\maxfields@=\count107
\andhelp@=\toks19
\eqnshift@=\dimen107
\alignsep@=\dimen108
\tagshift@=\dimen109
\tagwidth@=\dimen110
\totwidth@=\dimen111
\lineht@=\dimen112
\@envbody=\toks20
\multlinegap=\skip47
\multlinetaggap=\skip48
\mathdisplay@stack=\toks21
LaTeX Info: Redefining \[ on input line 2844.
LaTeX Info: Redefining \] on input line 2845.
)
(D:\Apps\MikTeX\tex/latex/base\inputenc.sty
Package: inputenc 2018/08/11 v1.3c Input encoding file
\inpenc@prehook=\toks22
\inpenc@posthook=\toks23

(D:\Apps\MikTeX\tex/latex/base\ansinew.def
File: ansinew.def 2018/08/11 v1.3c Input encoding file
))
(D:\Apps\MikTeX\tex/latex/hyperref\hyperref.sty
Package: hyperref 2018/11/30 v6.88e Hypertext links for LaTeX

(D:\Apps\MikTeX\tex/generic/oberdiek\hobsub-hyperref.sty
Package: hobsub-hyperref 2016/05/16 v1.14 Bundle oberdiek, subset hyperref (HO)


(D:\Apps\MikTeX\tex/generic/oberdiek\hobsub-generic.sty
Package: hobsub-generic 2016/05/16 v1.14 Bundle oberdiek, subset generic (HO)
Package: hobsub 2016/05/16 v1.14 Construct package bundles (HO)
Package: infwarerr 2016/05/16 v1.4 Providing info/warning/error messages (HO)
Package: ltxcmds 2016/05/16 v1.23 LaTeX kernel commands for general use (HO)
Package: ifluatex 2016/05/16 v1.4 Provides the ifluatex switch (HO)
Package ifluatex Info: LuaTeX not detected.
Package: ifvtex 2016/05/16 v1.6 Detect VTeX and its facilities (HO)
Package ifvtex Info: VTeX not detected.
Package: intcalc 2016/05/16 v1.2 Expandable calculations with integers (HO)
Package: ifpdf 2018/09/07 v3.3 Provides the ifpdf switch
Package: etexcmds 2016/05/16 v1.6 Avoid name clashes with e-TeX commands (HO)
Package: kvsetkeys 2016/05/16 v1.17 Key value parser (HO)
Package: kvdefinekeys 2016/05/16 v1.4 Define keys (HO)
Package: pdftexcmds 2018/09/10 v0.29 Utility functions of pdfTeX for LuaTeX (HO
)
Package pdftexcmds Info: LuaTeX not detected.
Package pdftexcmds Info: \pdf@primitive is available.
Package pdftexcmds Info: \pdf@ifprimitive is available.
Package pdftexcmds Info: \pdfdraftmode found.
Package: pdfescape 2016/05/16 v1.14 Implements pdfTeX's escape features (HO)
Package: bigintcalc 2016/05/16 v1.4 Expandable calculations on big integers (HO
)
Package: bitset 2016/05/16 v1.2 Handle bit-vector datatype (HO)
Package: uniquecounter 2016/05/16 v1.3 Provide unlimited unique counter (HO)
)
Package hobsub Info: Skipping package `hobsub' (already loaded).
Package: letltxmacro 2016/05/16 v1.5 Let assignment for LaTeX macros (HO)
Package: hopatch 2016/05/16 v1.3 Wrapper for package hooks (HO)
Package: xcolor-patch 2016/05/16 xcolor patch
Package: atveryend 2016/05/16 v1.9 Hooks at the very end of document (HO)
Package: atbegshi 2016/06/09 v1.18 At begin shipout hook (HO)
Package: refcount 2016/05/16 v3.5 Data extraction from label references (HO)
Package: hycolor 2016/05/16 v1.8 Color options for hyperref/bookmark (HO)
)
(D:\Apps\MikTeX\tex/generic/ifxetex\ifxetex.sty
Package: ifxetex 2010/09/12 v0.6 Provides ifxetex conditional
)
(D:\Apps\MikTeX\tex/latex/oberdiek\auxhook.sty
Package: auxhook 2016/05/16 v1.4 Hooks for auxiliary files (HO)
)
(D:\Apps\MikTeX\tex/latex/oberdiek\kvoptions.sty
Package: kvoptions 2016/05/16 v3.12 Key value format for package options (HO)
)
\@linkdim=\dimen113
\Hy@linkcounter=\count108
\Hy@pagecounter=\count109

(D:\Apps\MikTeX\tex/latex/hyperref\pd1enc.def
File: pd1enc.def 2018/11/30 v6.88e Hyperref: PDFDocEncoding definition (HO)
Now handling font encoding PD1 ...
... no UTF-8 mapping file for font encoding PD1
)
\Hy@SavedSpaceFactor=\count110

(D:\Apps\MikTeX\tex/latex/00miktex\hyperref.cfg
File: hyperref.cfg 2002/06/06 v1.2 hyperref configuration of TeXLive
)
Package hyperref Info: Option `colorlinks' set `true' on input line 4393.
Package hyperref Info: Hyper figures OFF on input line 4519.
Package hyperref Info: Link nesting OFF on input line 4524.
Package hyperref Info: Hyper index ON on input line 4527.
Package hyperref Info: Plain pages OFF on input line 4534.
Package hyperref Info: Backreferencing OFF on input line 4539.
Package hyperref Info: Implicit mode ON; LaTeX internals redefined.
Package hyperref Info: Bookmarks ON on input line 4772.
LaTeX Info: Redefining \href on input line 5036.
\c@Hy@tempcnt=\count111
LaTeX Info: Redefining \url on input line 5125.
\XeTeXLinkMargin=\dimen114
\Fld@menulength=\count112
\Field@Width=\dimen115
\Fld@charsize=\dimen116
Package hyperref Info: Hyper figures OFF on input line 6380.
Package hyperref Info: Link nesting OFF on input line 6385.
Package hyperref Info: Hyper index ON on input line 6388.
Package hyperref Info: backreferencing OFF on input line 6395.
Package hyperref Info: Link coloring ON on input line 6398.
Package hyperref Info: Link coloring with OCG OFF on input line 6405.
Package hyperref Info: PDF/A mode OFF on input line 6410.
LaTeX Info: Redefining \ref on input line 6450.
LaTeX Info: Redefining \pageref on input line 6454.
\Hy@abspage=\count113
\c@Item=\count114
\c@Hfootnote=\count115
)
Package hyperref Info: Driver (autodetected): hpdftex.

(D:\Apps\MikTeX\tex/latex/hyperref\hpdftex.def
File: hpdftex.def 2018/11/30 v6.88e Hyperref driver for pdfTeX
\Fld@listcount=\count116
\c@bookmark@seq@number=\count117

(D:\Apps\MikTeX\tex/latex/oberdiek\rerunfilecheck.sty
Package: rerunfilecheck 2016/05/16 v1.8 Rerun checks for auxiliary files (HO)
Package uniquecounter Info: New unique counter `rerunfilecheck' on input line 2
82.
)
\Hy@SectionHShift=\skip49
)
Class revtex4-1 Info: Patching LaTeX tabular. on input line 17.
Class revtex4-1 Info: Robustifying \LaTeX's \boldmath command on input line 17.

Class revtex4-1 Info: cite was not loaded (OK!) on input line 17.
Class revtex4-1 Info: mcite was not loaded (OK!) on input line 17.
Class revtex4-1 Info: multicol was not loaded (OK!) on input line 17.

No file Thimm_RB-F.aux.
\openout1 = `Thimm_RB-F.aux'.

LaTeX Font Info:    Checking defaults for OML/cmm/m/it on input line 17.
LaTeX Font Info:    ... okay on input line 17.
LaTeX Font Info:    Checking defaults for T1/cmr/m/n on input line 17.
LaTeX Font Info:    ... okay on input line 17.
LaTeX Font Info:    Checking defaults for OT1/cmr/m/n on input line 17.
LaTeX Font Info:    ... okay on input line 17.
LaTeX Font Info:    Checking defaults for OMS/cmsy/m/n on input line 17.
LaTeX Font Info:    ... okay on input line 17.
LaTeX Font Info:    Checking defaults for OMX/cmex/m/n on input line 17.
LaTeX Font Info:    ... okay on input line 17.
LaTeX Font Info:    Checking defaults for U/cmr/m/n on input line 17.
LaTeX Font Info:    ... okay on input line 17.
LaTeX Font Info:    Checking defaults for PD1/pdf/m/n on input line 17.
LaTeX Font Info:    ... okay on input line 17.
(C:\Users\Luka\AppData\Roaming\MiKTeX\2.9\tex/context/base/mkii\supp-pdf.mkii
[Loading MPS to PDF converter (version 2006.09.02).]
\scratchcounter=\count118
\scratchdimen=\dimen117
\scratchbox=\box44
\nofMPsegments=\count119
\nofMParguments=\count120
\everyMPshowfont=\toks24
\MPscratchCnt=\count121
\MPscratchDim=\dimen118
\MPnumerator=\count122
\makeMPintoPDFobject=\count123
\everyMPtoPDFconversion=\toks25
) (D:\Apps\MikTeX\tex/latex/oberdiek\epstopdf-base.sty
Package: epstopdf-base 2016/05/15 v2.6 Base part for package epstopdf

(D:\Apps\MikTeX\tex/latex/oberdiek\grfext.sty
Package: grfext 2016/05/16 v1.2 Manage graphics extensions (HO)
)
Package epstopdf-base Info: Redefining graphics rule for `.eps' on input line 4
38.
Package grfext Info: Graphics extension search list:
(grfext)             [.pdf,.png,.jpg,.mps,.jpeg,.jbig2,.jb2,.PDF,.PNG,.JPG,.JPE
G,.JBIG2,.JB2,.eps]
(grfext)             \AppendGraphicsExtensions on input line 456.
)
\AtBeginShipoutBox=\box45

(D:\Apps\MikTeX\tex/latex/graphics\color.sty
Package: color 2016/07/10 v1.1e Standard LaTeX Color (DPC)

(D:\Apps\MikTeX\tex/latex/graphics-cfg\color.cfg
File: color.cfg 2016/01/02 v1.6 sample color configuration
)
Package color Info: Driver file: pdftex.def on input line 147.
)
Package hyperref Info: Link coloring ON on input line 17.

(D:\Apps\MikTeX\tex/latex/hyperref\nameref.sty
Package: nameref 2016/05/21 v2.44 Cross-referencing by name of section

(D:\Apps\MikTeX\tex/generic/oberdiek\gettitlestring.sty
Package: gettitlestring 2016/05/16 v1.5 Cleanup title references (HO)
)
\c@section@level=\count124
)
LaTeX Info: Redefining \ref on input line 17.
LaTeX Info: Redefining \pageref on input line 17.
LaTeX Info: Redefining \nameref on input line 17.
\@outlinefile=\write4
\openout4 = `Thimm_RB-F.out'.

Class revtex4-1 Info: Taking \maketitle back from hyperref on input line 17.
\openout3 = `Thimm_RB-FNotes.bib'.



Class revtex4-1 Warning: Assuming \noaffiliation for authors.


LaTeX Warning: Reference `fig:Aspekte' on page 1 undefined on input line 33.


LaTeX Warning: File `figs/main_bericht.png' not found on input line 38.


! Package pdftex.def Error: File `figs/main_bericht.png' not found: using draft
 setting.

See the pdftex.def package documentation for explanation.
Type  H <return>  for immediate help.
 ...                                              
                                                  
l.38 ...graphics[width=7cm]{figs/main_bericht.png}
                                                  
Try typing  <return>  to proceed.
If that doesn't work, type  X <return>  to quit.


Package natbib Warning: Citation `Foto-RB' on page 1 undefined on input line 39
.


Package natbib Warning: Citation `Foto-RB' on page 1 undefined on input line 39
.


LaTeX Warning: Reference `fig:Descartes' on page 1 undefined on input line 44.


LaTeX Warning: Reference `fig:Aspekte' on page 1 undefined on input line 44.


LaTeX Warning: File `figs/Descartes_Rainbow_beschr.png' not found on input line
 51.


! Package pdftex.def Error: File `figs/Descartes_Rainbow_beschr.png' not found:
 using draft setting.

See the pdftex.def package documentation for explanation.
Type  H <return>  for immediate help.
 ...                                              
                                                  
l.51 ...th=7cm]{figs/Descartes_Rainbow_beschr.png}
                                                  
Try typing  <return>  to proceed.
If that doesn't work, type  X <return>  to quit.


Package natbib Warning: Citation `atoptics' on page 1 undefined on input line 5
7.


Underfull \hbox (badness 1354) in paragraph at lines 57--60
\OT1/cmr/m/n/10 durch ein-faches Hinzufugen weit-erer Re-flex-io-nen im
 []

[1{C:/Users/Luka/AppData/Local/MiKTeX/2.9/pdftex/config/pdftex.map}]

LaTeX Warning: Reference `fig:Berechnung' on page 2 undefined on input line 61.



Package natbib Warning: Citation `Biehler' on page 2 undefined on input line 61
.


LaTeX Warning: Command \textdegree invalid in math mode on input line 63.


LaTeX Warning: Command \textdegree invalid in math mode on input line 65.


Underfull \hbox (badness 1412) in paragraph at lines 61--68
[]\OT1/cmr/m/n/10 Die strahlenop-tis-che Berech-nung des Re-gen-bo-gens
 []


LaTeX Warning: Command \textdegree invalid in math mode on input line 69.


LaTeX Warning: File `figs/Zin_konstruktion_bericht.png' not found on input line
 81.


! Package pdftex.def Error: File `figs/Zin_konstruktion_bericht.png' not found:
 using draft setting.

See the pdftex.def package documentation for explanation.
Type  H <return>  for immediate help.
 ...                                              
                                                  
l.81 ...th=7cm]{figs/Zin_konstruktion_bericht.png}
                                                  
Try typing  <return>  to proceed.
If that doesn't work, type  X <return>  to quit.


Underfull \hbox (badness 2237) in paragraph at lines 82--82
\OT1/cmr/m/n/9 fur den Haup-tre-gen-bo-gen (eine Re-flex-ion im Tropfen).
 []


Underfull \hbox (badness 10000) in paragraph at lines 82--82
\OT1/cmr/m/n/9 Dargestellt ist der Ein-trittswinkel $\OML/cmm/m/it/9 $ \OT1/cm
r/m/n/9 in Rot, der
 []


Underfull \hbox (badness 2050) in paragraph at lines 82--82
\OT1/cmr/m/n/9 Brechungswinkel $\OML/cmm/m/it/9 $ \OT1/cmr/m/n/9 in Blau, Ab-s
tand Auftr-e-ff-punkt zu
 []


Underfull \hbox (badness 1442) in paragraph at lines 82--82
\OT1/cmr/m/n/9 Ein-fall-sachse $\OML/cmm/m/it/9 x$ \OT1/cmr/m/n/9 und Tropfen-r
a-dius $\OML/cmm/m/it/9 R$\OT1/cmr/m/n/9 . Re-flex-ion-s-ge-setz
 []


LaTeX Warning: Reference `fig:Plot' on page 2 undefined on input line 86.


LaTeX Warning: Command \textdegree invalid in math mode on input line 86.


LaTeX Warning: Command \textdegree invalid in math mode on input line 86.


LaTeX Warning: Command \textdegree invalid in math mode on input line 86.


Underfull \hbox (badness 4242) in paragraph at lines 86--87
\OT1/cmr/m/n/10 Ord-nun-gen angestellt wer-den. Fur Haupt- und
 []


LaTeX Warning: Reference `fig:Aspekte' on page 2 undefined on input line 88.


Package natbib Warning: Citation `Schlegel' on page 2 undefined on input line 8
8.


LaTeX Warning: File `figs/Winkelverteilung_komplett_nr.png' not found on input 
line 91.


! Package pdftex.def Error: File `figs/Winkelverteilung_komplett_nr.png' not fo
und: using draft setting.

See the pdftex.def package documentation for explanation.
Type  H <return>  for immediate help.
 ...                                              
                                                  
l.91 ...cm]{figs/Winkelverteilung_komplett_nr.png}
                                                  
Try typing  <return>  to proceed.
If that doesn't work, type  X <return>  to quit.


LaTeX Warning: Reference `fig:Berechnung' on page 2 undefined on input line 92.



LaTeX Warning: Reference `fig:Berechnung' on page 2 undefined on input line 92.



Underfull \hbox (badness 1558) in paragraph at lines 92--92
[]\OT1/cmr/m/n/9 FIG. 4. []Ablenkwinkel abhangig vom normierten Ein-
 []


LaTeX Warning: Reference `fig:Farbreihenfolge' on page 2 undefined on input lin
e 97.


LaTeX Warning: Reference `fig:Aspekte' on page 2 undefined on input line 97.


LaTeX Warning: File `figs/Farbreihenfolge_bericht.png' not found on input line 
100.


! Package pdftex.def Error: File `figs/Farbreihenfolge_bericht.png' not found: 
using draft setting.

See the pdftex.def package documentation for explanation.
Type  H <return>  for immediate help.
 ...                                              
                                                  
l.100 ...th=7cm]{figs/Farbreihenfolge_bericht.png}
                                                  
Try typing  <return>  to proceed.
If that doesn't work, type  X <return>  to quit.


LaTeX Warning: Reference `fig:Aspekte' on page 2 undefined on input line 106.


Package natbib Warning: Citation `Vollmer' on page 2 undefined on input line 10
6.


Package natbib Warning: Citation `Wikipedia-RB' on page 2 undefined on input li
ne 106.

[2]

LaTeX Warning: A float is stuck (cannot be placed); try class option [floatfix]
 on input line 108.


LaTeX Warning: Reference `fig:refl' on page 3 undefined on input line 109.


LaTeX Warning: Reference `fig:refl' on page 3 undefined on input line 111.


LaTeX Warning: Reference `fig:refl' on page 3 undefined on input line 112.


Package natbib Warning: Citation `Volkmer' on page 3 undefined on input line 11
2.


LaTeX Warning: File `figs/refl.png' not found on input line 115.


! Package pdftex.def Error: File `figs/refl.png' not found: using draft setting
.

See the pdftex.def package documentation for explanation.
Type  H <return>  for immediate help.
 ...                                              
                                                  
l.115  \includegraphics[width=7cm]{figs/refl.png}
                                                 
Try typing  <return>  to proceed.
If that doesn't work, type  X <return>  to quit.


Package natbib Warning: Citation `Foto-RB-Mirror' on page 3 undefined on input 
line 116.


Package natbib Warning: Citation `Foto-RB-Mirror' on page 3 undefined on input 
line 116.


LaTeX Warning: `h' float specifier changed to `ht'.


Underfull \hbox (badness 4660) in paragraph at lines 124--125
[]\OT1/cmr/m/n/10 Zusammenfassend wer-den Re-gen-bo-gen mit men-
 []


LaTeX Warning: Reference `fig:zwilling' on page 3 undefined on input line 127.


LaTeX Warning: Reference `fig:zwilling' on page 3 undefined on input line 127.


LaTeX Warning: File `figs/twin.png' not found on input line 129.


! Package pdftex.def Error: File `figs/twin.png' not found: using draft setting
.

See the pdftex.def package documentation for explanation.
Type  H <return>  for immediate help.
 ...                                              
                                                  
l.129  \includegraphics[width=7cm]{figs/twin.png}
                                                 
Try typing  <return>  to proceed.
If that doesn't work, type  X <return>  to quit.


Package natbib Warning: Citation `UCSD' on page 3 undefined on input line 130.


Package natbib Warning: Citation `atoptics' on page 3 undefined on input line 1
30.


Package natbib Warning: Citation `UCSD' on page 3 undefined on input line 130.


Package natbib Warning: Citation `atoptics' on page 3 undefined on input line 1
30.


LaTeX Warning: `h' float specifier changed to `ht'.


LaTeX Warning: Reference `LastBibItem' on page 3 undefined on input line 141.

[3]
Underfull \hbox (badness 10000) in paragraph at lines 144--146
 []\OT1/cmr/m/n/9 H. Biehler, \OT1/cmr/m/it/9 At-mo-spharische Farbphanomene 
-
 []


Underfull \hbox (badness 4582) in paragraph at lines 144--146
 \OT1/cmr/m/it/9 Die The-o-rie und ihre An-wen-dung in der Schule
 []


Underfull \hbox (badness 10000) in paragraph at lines 144--146
 \OT1/cmr/m/n/9 ([][]$\OT1/cmtt/m/n/9 http : / / www . physik . uni-[]mainz . d
e / Lehramt / Lehramt /
 []


Underfull \hbox (badness 10000) in paragraph at lines 148--150
 []\OT1/cmr/m/n/9 P. Volk-mer, \OT1/cmr/m/it/9 Phanomen Re-gen-bo-gen \OT1/cmr
/m/n/9 ([][]$\OT1/cmtt/m/n/9 http : / /
 []


Underfull \hbox (badness 10000) in paragraph at lines 148--150
 \OT1/cmtt/m/n/9 pegasus-[]wolfenbuettel . de / pegasus / phocadownload /
 []


Underfull \hbox (badness 10000) in paragraph at lines 152--154
 []\OT1/cmr/m/n/9 L. Cow-ley, \OT1/cmr/m/it/9 At-mo-spheric Op-tics \OT1/cmr/m/
n/9 ([][]$\OT1/cmtt/m/n/9 https : / / www .
 []

No file Thimm_RB-F.bbl.

Package natbib Warning: There were undefined citations.

[4]
Package atveryend Info: Empty hook `AfterLastShipout' on input line 176.
 (Thimm_RB-F.aux

Package natbib Warning: Citation(s) may have changed.
(natbib)                Rerun to get citations correct.

)
Package atveryend Info: Executing hook `AtVeryEndDocument' on input line 176.
Package atveryend Info: Executing hook `AtEndAfterFileList' on input line 176.


Package rerunfilecheck Warning: File `Thimm_RB-F.out' has changed.
(rerunfilecheck)                Rerun to get outlines right
(rerunfilecheck)                or use package `bookmark'.

Package rerunfilecheck Info: Checksums for `Thimm_RB-F.out':
(rerunfilecheck)             Before: <no file>
(rerunfilecheck)             After:  1F1643E72E3736838D3EC60A1A1CCEB1;159.

LaTeX Warning: There were undefined references.


LaTeX Warning: Label(s) may have changed. Rerun to get cross-references right .


 ) 
Here is how much of TeX's memory you used:
 7591 strings out of 492895
 106580 string characters out of 3139546
 231216 words of memory out of 3000000
 11416 multiletter control sequences out of 15000+200000
 10281 words of font info for 37 fonts, out of 3000000 for 9000
 1141 hyphenation exceptions out of 8191
 32i,8n,33p,944b,451s stack positions out of 5000i,500n,10000p,200000b,50000s
<D:/Apps/MikTeX/fonts/type1/public/amsfonts/cm/cmbx10.pfb><D:/Apps/MikTeX/fon
ts/type1/public/amsfonts/cm/cmbx12.pfb><D:/Apps/MikTeX/fonts/type1/public/amsfo
nts/cm/cmbx9.pfb><D:/Apps/MikTeX/fonts/type1/public/amsfonts/cm/cmmi10.pfb><D:/
Apps/MikTeX/fonts/type1/public/amsfonts/cm/cmmi9.pfb><D:/Apps/MikTeX/fonts/type
1/public/amsfonts/cm/cmr10.pfb><D:/Apps/MikTeX/fonts/type1/public/amsfonts/cm/c
mr6.pfb><D:/Apps/MikTeX/fonts/type1/public/amsfonts/cm/cmr7.pfb><D:/Apps/MikTeX
/fonts/type1/public/amsfonts/cm/cmr8.pfb><D:/Apps/MikTeX/fonts/type1/public/ams
fonts/cm/cmr9.pfb><D:/Apps/MikTeX/fonts/type1/public/amsfonts/cm/cmsy10.pfb><D:
/Apps/MikTeX/fonts/type1/public/amsfonts/cm/cmsy6.pfb><D:/Apps/MikTeX/fonts/typ
e1/public/amsfonts/cm/cmsy7.pfb><D:/Apps/MikTeX/fonts/type1/public/amsfonts/cm/
cmsy9.pfb><D:/Apps/MikTeX/fonts/type1/public/amsfonts/cm/cmti10.pfb><D:/Apps/Mi
kTeX/fonts/type1/public/amsfonts/cm/cmti9.pfb><D:/Apps/MikTeX/fonts/type1/publi
c/amsfonts/cm/cmtt9.pfb>
Output written on Thimm_RB-F.pdf (4 pages, 216782 bytes).
PDF statistics:
 126 PDF objects out of 1000 (max. 8388607)
 26 named destinations out of 1000 (max. 500000)
 1 words of extra memory for PDF output out of 10000 (max. 10000000)

